0 info it worked if it ends with ok
1 verbose cli [ '/usr/local/bin/node', '/usr/local/bin/npm', 'start' ]
2 info using npm@3.3.6
3 info using node@v5.0.0
4 verbose run-script [ 'prestart', 'start', 'poststart' ]
5 info lifecycle milligram@1.0.3~prestart: milligram@1.0.3
6 silly lifecycle milligram@1.0.3~prestart: no script for prestart, continuing
7 info lifecycle milligram@1.0.3~start: milligram@1.0.3
8 verbose lifecycle milligram@1.0.3~start: unsafe-perm in lifecycle true
9 verbose lifecycle milligram@1.0.3~start: PATH: /usr/local/lib/node_modules/npm/bin/node-gyp-bin:/home/mostafa/Projects/milligram/node_modules/.bin:/usr/local/sbin:/usr/local/bin:/usr/bin:/usr/lib/jvm/default/bin:/usr/bin/site_perl:/usr/bin/vendor_perl:/usr/bin/core_perl:/home/mostafa/Tools/android-sdk-linux/tools:/home/mostafa/Tools/android-sdk-linux/platform-tools:~/Tools/google_appengine:/home/mostafa/.gem/ruby/2.3.0/bin
10 verbose lifecycle milligram@1.0.3~start: CWD: /home/mostafa/Projects/milligram
11 silly lifecycle milligram@1.0.3~start: Args: [ '-c', 'grunt' ]
12 silly lifecycle milligram@1.0.3~start: Returned: code: 6  signal: null
13 info lifecycle milligram@1.0.3~start: Failed to exec start script
14 verbose stack Error: milligram@1.0.3 start: `grunt`
14 verbose stack Exit status 6
14 verbose stack     at EventEmitter.<anonymous> (/usr/local/lib/node_modules/npm/lib/utils/lifecycle.js:233:16)
14 verbose stack     at emitTwo (events.js:87:13)
14 verbose stack     at EventEmitter.emit (events.js:172:7)
14 verbose stack     at ChildProcess.<anonymous> (/usr/local/lib/node_modules/npm/lib/utils/spawn.js:24:14)
14 verbose stack     at emitTwo (events.js:87:13)
14 verbose stack     at ChildProcess.emit (events.js:172:7)
14 verbose stack     at maybeClose (internal/child_process.js:818:16)
14 verbose stack     at Process.ChildProcess._handle.onexit (internal/child_process.js:211:5)
15 verbose pkgid milligram@1.0.3
16 verbose cwd /home/mostafa/Projects/milligram
17 error Linux 4.3.3-2-ARCH
18 error argv "/usr/local/bin/node" "/usr/local/bin/npm" "start"
19 error node v5.0.0
20 error npm  v3.3.6
21 error code ELIFECYCLE
22 error milligram@1.0.3 start: `grunt`
22 error Exit status 6
23 error Failed at the milligram@1.0.3 start script 'grunt'.
23 error This is most likely a problem with the milligram package,
23 error not with npm itself.
23 error Tell the author that this fails on your system:
23 error     grunt
23 error You can get their info via:
23 error     npm owner ls milligram
23 error There is likely additional logging output above.
24 verbose exit [ 1, true ]
